<?xml version="1.0" encoding="UTF-8"?>
<!-- Generated by org.testng.reporters.JUnitXMLReporter -->
<testsuite ignored="1" hostname="Rahuls-MacBook-Pro.local" failures="0" tests="1" name="Interview" time="61.824" errors="0" timestamp="18 Feb 2019 05:49:07 GMT">
  <testcase classname="com.app.purplle.tests.AppCrash" name="clicking_Banner_And_Checking_Logs" time="31.214"/>
  <testcase classname="com.app.purplle.tests.AppCrash" name="app_Crash_Scenario" time="0.0">
    <ignored/>
  </testcase> <!-- app_Crash_Scenario -->
</testsuite> <!-- Interview -->
